2023-11-30 04:51:39 info: ===================================================================================================
2023-11-30 04:51:39 info: ==================================== SERVER ENV: development ======================================
2023-11-30 04:51:39 info: ============================= 🚀 App listening on port 3000 ===============================
2023-11-30 04:51:39 info: ====================================================================================================
2023-11-30 04:52:07 info: ===================================================================================================
2023-11-30 04:52:07 info: ==================================== SERVER ENV: development ======================================
2023-11-30 04:52:07 info: =================================== 🚀 App listening on port 3000 ===================================
2023-11-30 04:52:07 info: ====================================================================================================
2023-11-30 04:52:18 info: ===================================================================================================
2023-11-30 04:52:18 info: ==================================== SERVER ENV: development ======================================
2023-11-30 04:52:18 info: ================================= 🚀 App listening on port 3000 ===================================
2023-11-30 04:52:18 info: ====================================================================================================
2023-11-30 04:52:25 info: ===================================================================================================
2023-11-30 04:52:25 info: ==================================== SERVER ENV: development ======================================
2023-11-30 04:52:25 info: ================================= 🚀 App listening on port 3000 ===================================
2023-11-30 04:52:25 info: ===================================================================================================
2023-11-30 04:53:38 info: ===================================================================================================
2023-11-30 04:53:38 info: ==================================== SERVER ENV: development ======================================
2023-11-30 04:53:38 info: ================================= 🚀 App listening on port 3000 ===================================
2023-11-30 04:53:38 info: ===================================================================================================
2023-11-30 04:54:01 info: ===================================================================================================
2023-11-30 04:54:01 info: ==================================== SERVER ENV: development ======================================
2023-11-30 04:54:01 info: ================================= 🚀 App listening on port 3000 ===================================
2023-11-30 04:54:01 info: ===================================================================================================
2023-11-30 04:54:25 info: ===================================================================================================
2023-11-30 04:54:25 info: ==================================== SERVER ENV: development ======================================
2023-11-30 04:54:25 info: ================================= 🚀 App listening on port 3000 ===================================
2023-11-30 04:54:25 info: ===================================================================================================
2023-11-30 04:54:35 info: ===================================================================================================
2023-11-30 04:54:35 info: ==================================== SERVER ENV: development ======================================
2023-11-30 04:54:35 info: ================================= 🚀 App listening on port 3000 ===================================
2023-11-30 04:54:35 info: ===================================================================================================
2023-11-30 04:54:43 info: ===================================================================================================
2023-11-30 04:54:43 info: ==================================== SERVER ENV: development ======================================
2023-11-30 04:54:43 info: ================================= 🚀 App listening on port 3000 ===================================
2023-11-30 04:54:43 info: ===================================================================================================
2023-11-30 04:55:00 info: ===================================================================================================
2023-11-30 04:55:00 info: ==================================== SERVER ENV: development ======================================
2023-11-30 04:55:00 info: ================================= 🚀 App listening on port 3000 ===================================
2023-11-30 04:55:00 info: ===================================================================================================
2023-11-30 04:55:39 info: ===================================================================================================
2023-11-30 04:55:39 info: ==================================== SERVER ENV: development ======================================
2023-11-30 04:55:39 info: ================================= 🚀 App listening on port 3000 ===================================
2023-11-30 04:55:39 info: ===================================================================================================
